Code Releases/Beta Tested/app/build/outputs/apk/manifest-merger-debug-report.txt
-- Merging decision tree log ---
manifest
ADDED from AndroidManifest.xml:2:1
	package
		ADDED from AndroidManifest.xml:3:5
		INJECTED from AndroidManifest.xml:0:0
		INJECTED from AndroidManifest.xml:0:0
	android:versionName
		ADDED from AndroidManifest.xml:5:5
	android:versionCode
		ADDED from AndroidManifest.xml:4:5
		INJECTED from AndroidManifest.xml:0:0
		INJECTED from AndroidManifest.xml:0:0
	xmlns:android
		ADDED from AndroidManifest.xml:2:11
uses-sdk
ADDED from AndroidManifest.xml:7:5
MERGED from com.android.support:support-v4:21.0.3:15:5
MERGED from com.android.support:appcompat-v7:21.0.3:15:5
MERGED from com.android.support:support-v4:21.0.3:15:5
	android:targetSdkVersion
		ADDED from AndroidManifest.xml:9:9
		INJECTED from AndroidManifest.xml:0:0
		INJECTED from AndroidManifest.xml:0:0
	android:minSdkVersion
		ADDED from AndroidManifest.xml:8:9
		INJECTED from AndroidManifest.xml:0:0
		INJECTED from AndroidManifest.xml:0:0
supports-screens
ADDED from AndroidManifest.xml:11:5
	android:largeScreens
		ADDED from AndroidManifest.xml:12:9
	android:normalScreens
		ADDED from AndroidManifest.xml:13:9
	android:xlargeScreens
		ADDED from AndroidManifest.xml:15:9
	android:resizeable
		ADDED from AndroidManifest.xml:14:9
compatible-screens
ADDED from AndroidManifest.xml:17:5
screen#normal+ldpi
ADDED from AndroidManifest.xml:20:9
	android:screenDensity
		ADDED from AndroidManifest.xml:21:13
	android:screenSize
		ADDED from AndroidManifest.xml:22:13
screen#normal+mdpi
ADDED from AndroidManifest.xml:23:9
	android:screenDensity
		ADDED from AndroidManifest.xml:24:13
	android:screenSize
		ADDED from AndroidManifest.xml:25:13
screen#normal+hdpi
ADDED from AndroidManifest.xml:26:9
	android:screenDensity
		ADDED from AndroidManifest.xml:27:13
	android:screenSize
		ADDED from AndroidManifest.xml:28:13
screen#normal+xhdpi
ADDED from AndroidManifest.xml:29:9
	android:screenDensity
		ADDED from AndroidManifest.xml:30:13
	android:screenSize
		ADDED from AndroidManifest.xml:31:13
screen#large+hdpi
ADDED from AndroidManifest.xml:33:9
	android:screenDensity
		ADDED from AndroidManifest.xml:34:13
	android:screenSize
		ADDED from AndroidManifest.xml:35:13
screen#large+xhdpi
ADDED from AndroidManifest.xml:36:9
	android:screenDensity
		ADDED from AndroidManifest.xml:37:13
	android:screenSize
		ADDED from AndroidManifest.xml:38:13
screen#xlarge+xhdpi
ADDED from AndroidManifest.xml:43:9
	android:screenDensity
		ADDED from AndroidManifest.xml:44:13
	android:screenSize
		ADDED from AndroidManifest.xml:45:13
android:uses-permission#android.permission.WRITE_EXTERNAL_STORAGE
ADDED from AndroidManifest.xml:48:5
	android:maxSdkVersion
		ADDED from AndroidManifest.xml:50:9
	android:name
		ADDED from AndroidManifest.xml:49:9
android:uses-permission#android.permission.READ_PHONE_STATE
ADDED from AndroidManifest.xml:51:5
	android:name
		ADDED from AndroidManifest.xml:51:30
android:uses-permission#android.permission.READ_EXTERNAL_STORAGE
ADDED from AndroidManifest.xml:52:5
	android:maxSdkVersion
		ADDED from AndroidManifest.xml:54:9
	android:name
		ADDED from AndroidManifest.xml:53:9
application
ADDED from AndroidManifest.xml:56:5
MERGED from com.android.support:support-v4:21.0.3:16:5
MERGED from com.android.support:appcompat-v7:21.0.3:16:5
MERGED from com.android.support:support-v4:21.0.3:16:5
	android:label
		ADDED from AndroidManifest.xml:59:9
	android:allowBackup
		ADDED from AndroidManifest.xml:57:9
	android:icon
		ADDED from AndroidManifest.xml:58:9
	android:theme
		ADDED from AndroidManifest.xml:60:9
activity#com.example.wormsubjectplanner.HomeWindow
ADDED from AndroidManifest.xml:61:9
	android:label
		ADDED from AndroidManifest.xml:63:13
	android:name
		ADDED from AndroidManifest.xml:62:13
intent-filter#android.intent.action.MAIN+android.intent.category.LAUNCHER
ADDED from AndroidManifest.xml:64:13
action#android.intent.action.MAIN
ADDED from AndroidManifest.xml:65:17
	android:name
		ADDED from AndroidManifest.xml:65:25
category#android.intent.category.LAUNCHER
ADDED from AndroidManifest.xml:66:17
	android:name
		ADDED from AndroidManifest.xml:66:27
activity#com.example.wormsubjectplanner.SubjectsWindow
ADDED from AndroidManifest.xml:69:9
	android:label
		ADDED from AndroidManifest.xml:71:13
	android:name
		ADDED from AndroidManifest.xml:70:13
activity#com.example.wormsubjectplanner.NotesWindow
ADDED from AndroidManifest.xml:73:9
	android:label
		ADDED from AndroidManifest.xml:75:13
	android:name
		ADDED from AndroidManifest.xml:74:13
activity#com.example.wormsubjectplanner.ViewNoteWindow
ADDED from AndroidManifest.xml:77:9
	android:label
		ADDED from AndroidManifest.xml:79:13
	android:name
		ADDED from AndroidManifest.xml:78:13
activity#com.example.wormsubjectplanner.CalendarWindow
ADDED from AndroidManifest.xml:81:9
	android:label
		ADDED from AndroidManifest.xml:83:13
	android:name
		ADDED from AndroidManifest.xml:82:13
activity#com.example.wormsubjectplanner.TasksWindow
ADDED from AndroidManifest.xml:85:9
	android:label
		ADDED from AndroidManifest.xml:87:13
	android:name
		ADDED from AndroidManifest.xml:86:13